app/build/intermediates/manifest_merge_blame_file/debug/manifest-merger-blame-debug-report.txt
1<?xml version="1.0" encoding="utf-8"?>
2<manifest xmlns:android="http://schemas.android.com/apk/res/android"
3    package="com.example.androidattendancesystem"
4    android:versionCode="1"
5    android:versionName="1.0" >
6
7    <uses-sdk
8        android:minSdkVersion="23"
8-->src/main/AndroidManifest.xml
9        android:targetSdkVersion="33" />
9-->src/main/AndroidManifest.xml
10
11    <uses-permission android:name="android.permission.INTERNET" />
11-->src/main/AndroidManifest.xml:6:5-66
11-->src/main/AndroidManifest.xml:6:22-64
12    <uses-permission android:name="android.permission.ACCESS_NETWORK_STATE" />
12-->src/main/AndroidManifest.xml:7:5-78
12-->src/main/AndroidManifest.xml:7:22-76
13    <uses-permission android:name="android.permission.ACCESS_WIFI_STATE" />
13-->src/main/AndroidManifest.xml:8:5-75
13-->src/main/AndroidManifest.xml:8:22-73
14    <uses-permission android:name="android.permission.READ_EXTERNAL_STORAGE" />
14-->src/main/AndroidManifest.xml:9:5-79
14-->src/main/AndroidManifest.xml:9:22-77
15    <uses-permission android:name="android.permission.WRITE_EXTERNAL_STORAGE" />
15-->src/main/AndroidManifest.xml:10:1-76
15-->src/main/AndroidManifest.xml:10:18-74
16
17    <application
17-->src/main/AndroidManifest.xml:11:5-77:19
18        android:name="com.android.attendance.context.ApplicationContext"
18-->src/main/AndroidManifest.xml:13:10-74
19        android:allowBackup="true"
19-->src/main/AndroidManifest.xml:14:9-35
20        android:appComponentFactory="android.support.v4.app.CoreComponentFactory"
20-->[com.android.support:support-compat:28.0.0] AndroidManifest.xml:22:18-91
21        android:debuggable="true"
22        android:extractNativeLibs="false"
23        android:icon="@drawable/ic_launcher"
23-->src/main/AndroidManifest.xml:15:9-45
24        android:label="@string/app_name"
24-->src/main/AndroidManifest.xml:16:9-41
25        android:requestLegacyExternalStorage="true"
25-->src/main/AndroidManifest.xml:12:9-52
26        android:testOnly="true"
27        android:theme="@style/AppTheme" >
27-->src/main/AndroidManifest.xml:17:9-40
28        <activity
28-->src/main/AndroidManifest.xml:18:9-27:20
29            android:name="com.android.attendance.activity.MainActivity"
29-->src/main/AndroidManifest.xml:19:13-72
30            android:exported="true"
30-->src/main/AndroidManifest.xml:20:13-36
31            android:label="@string/app_name" >
31-->src/main/AndroidManifest.xml:21:13-45
32            <intent-filter>
32-->src/main/AndroidManifest.xml:22:13-26:29
33                <action android:name="android.intent.action.MAIN" />
33-->src/main/AndroidManifest.xml:23:17-69
33-->src/main/AndroidManifest.xml:23:25-66
34
35                <category android:name="android.intent.category.LAUNCHER" />
35-->src/main/AndroidManifest.xml:25:17-77
35-->src/main/AndroidManifest.xml:25:27-74
36            </intent-filter>
37        </activity>
38        <activity
38-->src/main/AndroidManifest.xml:28:10-31:20
39            android:name="com.android.attendance.activity.LoginActivity"
39-->src/main/AndroidManifest.xml:29:13-73
40            android:label="@string/app_name" >
40-->src/main/AndroidManifest.xml:30:13-45
41        </activity>
42        <activity
42-->src/main/AndroidManifest.xml:32:10-35:20
43            android:name="com.android.attendance.activity.MenuActivity"
43-->src/main/AndroidManifest.xml:33:13-72
44            android:label="@string/app_name" >
44-->src/main/AndroidManifest.xml:34:13-45
45        </activity>
46        <activity
46-->src/main/AndroidManifest.xml:36:10-39:20
47            android:name="com.android.attendance.activity.AddFacultyActivity"
47-->src/main/AndroidManifest.xml:37:13-78
48            android:label="@string/app_name" >
48-->src/main/AndroidManifest.xml:38:13-45
49        </activity>
50        <activity
50-->src/main/AndroidManifest.xml:40:9-43:20
51            android:name="com.android.attendance.activity.AddStudentActivity"
51-->src/main/AndroidManifest.xml:41:13-78
52            android:label="@string/app_name" >
52-->src/main/AndroidManifest.xml:42:13-45
53        </activity>
54        <activity
54-->src/main/AndroidManifest.xml:44:9-47:20
55            android:name="com.android.attendance.activity.ViewFacultyActivity"
55-->src/main/AndroidManifest.xml:45:13-79
56            android:label="@string/app_name" >
56-->src/main/AndroidManifest.xml:46:13-45
57        </activity>
58        <activity
58-->src/main/AndroidManifest.xml:48:9-51:20
59            android:name="com.android.attendance.activity.ViewStudentActivity"
59-->src/main/AndroidManifest.xml:49:13-79
60            android:label="@string/app_name" >
60-->src/main/AndroidManifest.xml:50:13-45
61        </activity>
62        <activity
62-->src/main/AndroidManifest.xml:52:9-55:20
63            android:name="com.android.attendance.activity.TestActivity"
63-->src/main/AndroidManifest.xml:53:13-72
64            android:label="@string/app_name" >
64-->src/main/AndroidManifest.xml:54:13-45
65        </activity>
66        <activity
66-->src/main/AndroidManifest.xml:56:10-59:20
67            android:name="com.android.attendance.activity.ViewStudentByBranchYear"
67-->src/main/AndroidManifest.xml:57:13-83
68            android:label="@string/app_name" >
68-->src/main/AndroidManifest.xml:58:13-45
69        </activity>
70        <activity
70-->src/main/AndroidManifest.xml:60:11-63:20
71            android:name="com.android.attendance.activity.AddAttandanceSessionActivity"
71-->src/main/AndroidManifest.xml:61:13-88
72            android:label="@string/app_name" >
72-->src/main/AndroidManifest.xml:62:13-45
73        </activity>
74        <activity
74-->src/main/AndroidManifest.xml:64:10-67:20
75            android:name="com.android.attendance.activity.AddAttendanceActivity"
75-->src/main/AndroidManifest.xml:65:13-81
76            android:label="@string/app_name" >
76-->src/main/AndroidManifest.xml:66:13-45
77        </activity>
78        <activity
78-->src/main/AndroidManifest.xml:68:10-71:20
79            android:name="com.android.attendance.activity.ViewAttendanceByFacultyActivity"
79-->src/main/AndroidManifest.xml:69:13-91
80            android:label="@string/app_name" >
80-->src/main/AndroidManifest.xml:70:13-45
81        </activity>
82        <activity
82-->src/main/AndroidManifest.xml:72:10-75:20
83            android:name="com.android.attendance.activity.ViewAttendancePerStudentActivity"
83-->src/main/AndroidManifest.xml:73:13-92
84            android:label="@string/app_name" >
84-->src/main/AndroidManifest.xml:74:13-45
85        </activity>
86    </application>
87
88</manifest>